2024-10-14 19:07:02,016 [main] INFO MyMavenProject - Getting text of flights
2024-10-14 19:07:04,172 [main] INFO MyMavenProject - Closing Browser
2024-10-14 19:09:36,875 [main] INFO MyMavenProject - Getting text of mmtLogo
2024-10-14 19:30:10,443 [main] INFO MyMavenProject - Getting text of mmtLogo
2024-10-14 19:37:36,731 [main] INFO MyMavenProject - Getting text of mmtLogo
2024-10-14 19:43:35,488 [main] INFO MyMavenProject - Getting text of mmtLogo
2024-10-14 19:45:23,335 [main] INFO MyMavenProject - Getting text of mmtLogo
2024-10-14 19:47:13,940 [main] INFO MyMavenProject - Getting text of mmtLogo
2024-10-14 19:47:13,974 [main] INFO MyMavenProject - Getting text of flights
2024-10-14 19:47:16,114 [main] INFO MyMavenProject - Closing Browser
2024-10-14 19:47:26,785 [main] INFO MyMavenProject - Getting text of mmtLogo
2024-10-14 19:47:26,791 [main] INFO MyMavenProject - Getting text of buses
2024-10-14 19:47:29,745 [main] INFO MyMavenProject - Closing Browser
2024-10-14 19:47:39,164 [main] INFO MyMavenProject - Getting text of mmtLogo
2024-10-14 19:47:39,173 [main] INFO MyMavenProject - Getting text of cabs
2024-10-14 19:47:39,425 [main] INFO MyMavenProject - Closing Browser
2024-10-14 19:47:47,900 [main] INFO MyMavenProject - Getting text of mmtLogo
2024-10-14 19:47:47,904 [main] INFO MyMavenProject - Getting text of cards
2024-10-14 19:47:48,198 [main] INFO MyMavenProject - Closing Browser
2024-10-14 21:00:20,551 [main] INFO MyMavenProject - Getting text of mmtLogo
2024-10-14 21:00:20,604 [main] INFO MyMavenProject - Getting text of flights
2024-10-14 21:00:22,759 [main] INFO MyMavenProject - Closing Browser
2024-10-14 21:56:59,058 [main] INFO MyMavenProject - Getting text of flights
2024-10-14 21:57:01,598 [main] INFO MyMavenProject - Closing Browser
2024-10-14 21:57:11,344 [main] INFO MyMavenProject - Getting text of buses
2024-10-14 21:57:13,260 [main] INFO MyMavenProject - Closing Browser
2024-10-14 21:57:20,513 [main] INFO MyMavenProject - Getting text of cabs
2024-10-14 21:57:20,725 [main] INFO MyMavenProject - Closing Browser
2024-10-14 21:57:28,139 [main] INFO MyMavenProject - Getting text of cards
2024-10-14 21:57:28,290 [main] INFO MyMavenProject - Closing Browser
2024-10-14 21:57:35,490 [main] INFO MyMavenProject - Getting text of flights
2024-10-14 21:57:35,650 [main] INFO MyMavenProject - Closing Browser
2024-10-14 21:57:42,903 [main] INFO MyMavenProject - Getting text of holiday packages
2024-10-14 21:57:43,017 [main] INFO MyMavenProject - Closing Browser
2024-10-14 21:57:49,850 [main] INFO MyMavenProject - Getting text of hotels
2024-10-14 21:57:49,991 [main] INFO MyMavenProject - Closing Browser
2024-10-14 21:57:57,236 [main] INFO MyMavenProject - Getting text of insurance
2024-10-14 21:57:57,374 [main] INFO MyMavenProject - Closing Browser
2024-10-14 21:58:04,764 [main] INFO MyMavenProject - Getting text of multiCity button
2024-10-14 21:58:04,926 [main] INFO MyMavenProject - Closing Browser
2024-10-14 22:02:58,945 [main] INFO MyMavenProject - Getting text of flights
2024-10-14 22:03:02,024 [main] INFO MyMavenProject - Closing Browser
2024-10-14 22:03:12,516 [main] INFO MyMavenProject - Getting text of buses
2024-10-14 22:03:14,051 [main] INFO MyMavenProject - Closing Browser
2024-10-14 22:03:24,549 [main] INFO MyMavenProject - Getting text of cabs
2024-10-14 22:03:24,698 [main] INFO MyMavenProject - Closing Browser
2024-10-14 22:03:35,786 [main] INFO MyMavenProject - Getting text of cards
2024-10-14 22:03:35,946 [main] INFO MyMavenProject - Closing Browser
2024-10-14 22:03:47,591 [main] INFO MyMavenProject - Getting text of flights
2024-10-14 22:03:47,796 [main] INFO MyMavenProject - Closing Browser
2024-10-14 22:03:57,907 [main] INFO MyMavenProject - Getting text of holiday packages
2024-10-14 22:03:58,057 [main] INFO MyMavenProject - Closing Browser
2024-10-14 22:04:08,521 [main] INFO MyMavenProject - Getting text of hotels
2024-10-14 22:04:08,644 [main] INFO MyMavenProject - Closing Browser
2024-10-14 22:04:20,354 [main] INFO MyMavenProject - Getting text of insurance
2024-10-14 22:04:20,528 [main] INFO MyMavenProject - Closing Browser
2024-10-14 22:04:30,645 [main] INFO MyMavenProject - Getting text of multiCity button
2024-10-14 22:04:30,774 [main] INFO MyMavenProject - Closing Browser
2024-10-14 22:44:55,038 [main] INFO MyMavenProject - Getting text of flights
2024-10-14 22:44:58,116 [main] INFO MyMavenProject - Closing Browser
2024-10-14 22:45:14,761 [main] INFO MyMavenProject - Getting text of buses
2024-10-14 22:45:16,154 [main] INFO MyMavenProject - Closing Browser
2024-10-14 22:45:27,269 [main] INFO MyMavenProject - Getting text of cabs
2024-10-14 22:45:27,463 [main] INFO MyMavenProject - Closing Browser
2024-10-14 22:45:38,356 [main] INFO MyMavenProject - Getting text of cards
2024-10-14 22:45:38,483 [main] INFO MyMavenProject - Closing Browser
2024-10-14 22:45:52,640 [main] INFO MyMavenProject - Getting text of flights
2024-10-14 22:45:52,808 [main] INFO MyMavenProject - Closing Browser
2024-10-14 22:46:03,497 [main] INFO MyMavenProject - Getting text of holiday packages
2024-10-14 22:46:03,596 [main] INFO MyMavenProject - Closing Browser
2024-10-14 22:46:14,242 [main] INFO MyMavenProject - Getting text of hotels
2024-10-14 22:46:14,378 [main] INFO MyMavenProject - Closing Browser
2024-10-14 22:46:26,271 [main] INFO MyMavenProject - Getting text of insurance
2024-10-14 22:46:26,416 [main] INFO MyMavenProject - Closing Browser
2024-10-14 22:46:47,888 [main] INFO MyMavenProject - Getting text of multiCity button
2024-10-14 22:46:48,033 [main] INFO MyMavenProject - Closing Browser
2024-10-14 22:47:21,141 [main] INFO MyMavenProject - Getting text of oneWay button
2024-10-14 22:47:21,245 [main] INFO MyMavenProject - Closing Browser
2024-10-14 22:47:31,346 [main] INFO MyMavenProject - Getting text of round trip button
2024-10-14 22:47:31,493 [main] INFO MyMavenProject - Closing Browser
2024-10-14 22:47:44,908 [main] INFO MyMavenProject - Getting text of stays
2024-10-14 22:47:45,010 [main] INFO MyMavenProject - Closing Browser
2024-10-14 22:47:54,649 [main] INFO MyMavenProject - Getting text of trains
2024-10-14 22:47:54,765 [main] INFO MyMavenProject - Closing Browser
2024-10-14 22:50:23,880 [main] INFO MyMavenProject - Getting text of flights
2024-10-14 22:50:26,950 [main] INFO MyMavenProject - Closing Browser
2024-10-14 22:51:36,565 [main] INFO MyMavenProject - Getting text of buses
2024-10-14 22:51:37,903 [main] INFO MyMavenProject - Closing Browser
2024-10-14 22:51:47,990 [main] INFO MyMavenProject - Getting text of cabs
2024-10-14 22:51:48,159 [main] INFO MyMavenProject - Closing Browser
2024-10-14 22:52:04,592 [main] INFO MyMavenProject - Getting text of cards
2024-10-14 22:52:04,718 [main] INFO MyMavenProject - Closing Browser
2024-10-14 22:52:14,594 [main] INFO MyMavenProject - Getting text of flights
2024-10-14 22:52:17,780 [main] INFO MyMavenProject - Closing Browser
2024-10-14 22:52:33,284 [main] INFO MyMavenProject - Getting text of holiday packages
2024-10-14 22:52:33,414 [main] INFO MyMavenProject - Closing Browser
2024-10-14 22:52:44,783 [main] INFO MyMavenProject - Getting text of hotels
2024-10-14 22:52:47,888 [main] INFO MyMavenProject - Closing Browser
2024-10-14 22:52:59,806 [main] INFO MyMavenProject - Getting text of insurance
2024-10-14 22:52:59,960 [main] INFO MyMavenProject - Closing Browser
2024-10-14 22:53:12,423 [main] INFO MyMavenProject - Getting text of multiCity button
2024-10-14 22:53:12,520 [main] INFO MyMavenProject - Closing Browser
2024-10-14 22:53:22,560 [main] INFO MyMavenProject - Getting text of oneWay button
2024-10-14 22:53:22,723 [main] INFO MyMavenProject - Closing Browser
2024-10-14 22:53:33,067 [main] INFO MyMavenProject - Getting text of round trip button
2024-10-14 22:53:33,210 [main] INFO MyMavenProject - Closing Browser
2024-10-14 22:53:41,883 [main] INFO MyMavenProject - Getting text of stays
2024-10-14 22:53:42,010 [main] INFO MyMavenProject - Closing Browser
2024-10-14 22:53:52,805 [main] INFO MyMavenProject - Getting text of trains
2024-10-14 22:53:52,970 [main] INFO MyMavenProject - Closing Browser
2024-10-14 22:56:30,230 [main] INFO MyMavenProject - Getting text of mmtLogo
2024-10-14 23:01:30,393 [main] INFO MyMavenProject - Getting text of flights
2024-10-14 23:01:35,112 [main] INFO MyMavenProject - Getting text of flights
2024-10-14 23:01:38,176 [main] INFO MyMavenProject - Closing Browser
2024-10-14 23:01:45,583 [main] INFO MyMavenProject - Getting text of flights
2024-10-14 23:01:48,819 [main] INFO MyMavenProject - Getting text of buses
2024-10-14 23:01:49,410 [main] INFO MyMavenProject - Closing Browser
2024-10-14 23:01:57,226 [main] INFO MyMavenProject - Getting text of flights
2024-10-14 23:02:00,407 [main] INFO MyMavenProject - Getting text of cabs
2024-10-14 23:02:00,872 [main] INFO MyMavenProject - Closing Browser
2024-10-14 23:02:10,762 [main] INFO MyMavenProject - Getting text of flights
2024-10-14 23:02:13,941 [main] INFO MyMavenProject - Getting text of cards
2024-10-14 23:02:14,404 [main] INFO MyMavenProject - Closing Browser
2024-10-14 23:02:22,927 [main] INFO MyMavenProject - Getting text of flights
2024-10-14 23:02:26,077 [main] INFO MyMavenProject - Getting text of holiday packages
2024-10-14 23:02:26,574 [main] INFO MyMavenProject - Closing Browser
2024-10-14 23:02:35,879 [main] INFO MyMavenProject - Getting text of flights
2024-10-14 23:02:39,136 [main] INFO MyMavenProject - Getting text of hotels
2024-10-14 23:02:42,258 [main] INFO MyMavenProject - Closing Browser
2024-10-14 23:02:54,368 [main] INFO MyMavenProject - Getting text of flights
2024-10-14 23:02:57,508 [main] INFO MyMavenProject - Getting text of insurance
2024-10-14 23:02:57,793 [main] INFO MyMavenProject - Closing Browser
2024-10-14 23:03:05,465 [main] INFO MyMavenProject - Getting text of flights
2024-10-14 23:03:08,588 [main] INFO MyMavenProject - Getting text of multiCity button
2024-10-14 23:03:09,028 [main] INFO MyMavenProject - Closing Browser
2024-10-14 23:03:15,812 [main] INFO MyMavenProject - Getting text of flights
2024-10-14 23:03:18,969 [main] INFO MyMavenProject - Getting text of oneWay button
2024-10-14 23:03:19,575 [main] INFO MyMavenProject - Closing Browser
2024-10-14 23:03:26,380 [main] INFO MyMavenProject - Getting text of flights
2024-10-14 23:03:29,518 [main] INFO MyMavenProject - Getting text of round trip button
2024-10-14 23:03:29,917 [main] INFO MyMavenProject - Closing Browser
2024-10-14 23:03:36,838 [main] INFO MyMavenProject - Getting text of flights
2024-10-14 23:03:40,018 [main] INFO MyMavenProject - Getting text of stays
2024-10-14 23:03:40,446 [main] INFO MyMavenProject - Closing Browser
2024-10-14 23:03:48,262 [main] INFO MyMavenProject - Getting text of flights
2024-10-14 23:03:51,410 [main] INFO MyMavenProject - Getting text of trains
2024-10-14 23:03:51,797 [main] INFO MyMavenProject - Closing Browser
2024-10-14 23:24:58,595 [main] INFO MyMavenProject - Getting text of flights
2024-10-14 23:25:03,415 [main] INFO MyMavenProject - Getting text of hotels
2024-10-14 23:25:06,595 [main] INFO MyMavenProject - Closing Browser
2024-10-14 23:30:11,744 [main] INFO MyMavenProject - Getting text of flights
2024-10-14 23:30:16,216 [main] INFO MyMavenProject - Closing Browser
2024-10-14 23:32:34,958 [main] INFO MyMavenProject - Getting text of flights
2024-10-14 23:32:39,707 [main] INFO MyMavenProject - Closing Browser
2024-10-14 23:32:49,302 [main] INFO MyMavenProject - Getting text of hotels
2024-10-14 23:32:52,521 [main] INFO MyMavenProject - Closing Browser
2024-10-14 23:32:59,734 [main] INFO MyMavenProject - Getting text of stays
2024-10-14 23:32:59,934 [main] INFO MyMavenProject - Closing Browser
2024-10-14 23:33:07,101 [main] INFO MyMavenProject - Getting text of holiday packages
2024-10-14 23:33:07,248 [main] INFO MyMavenProject - Closing Browser
2024-10-14 23:33:14,673 [main] INFO MyMavenProject - Getting text of trains
2024-10-14 23:33:14,971 [main] INFO MyMavenProject - Closing Browser
2024-10-14 23:33:22,297 [main] INFO MyMavenProject - Getting text of buses
2024-10-14 23:33:22,450 [main] INFO MyMavenProject - Closing Browser
2024-10-14 23:33:30,188 [main] INFO MyMavenProject - Getting text of cabs
2024-10-14 23:33:30,323 [main] INFO MyMavenProject - Closing Browser
2024-10-14 23:33:38,924 [main] INFO MyMavenProject - Getting text of cards
2024-10-14 23:33:39,174 [main] INFO MyMavenProject - Closing Browser
2024-10-14 23:33:46,463 [main] INFO MyMavenProject - Getting text of insurance
2024-10-14 23:33:46,650 [main] INFO MyMavenProject - Closing Browser
2024-10-14 23:34:06,021 [main] INFO MyMavenProject - Getting text of oneWay button
2024-10-14 23:34:09,138 [main] INFO MyMavenProject - Closing Browser
2024-10-14 23:34:16,670 [main] INFO MyMavenProject - Getting text of multiCity button
2024-10-14 23:34:19,913 [main] INFO MyMavenProject - Closing Browser
2024-10-14 23:34:29,618 [main] INFO MyMavenProject - Getting text of round trip button
2024-10-14 23:34:32,794 [main] INFO MyMavenProject - Closing Browser
2024-10-14 23:34:40,757 [main] INFO MyMavenProject - Clicking on RoundTrip Button
2024-10-14 23:34:43,898 [main] INFO MyMavenProject - Closing Browser
2024-10-14 23:41:59,345 [main] INFO MyMavenProject - Getting text of flights
2024-10-14 23:42:04,029 [main] INFO MyMavenProject - Closing Browser
2024-10-14 23:42:11,709 [main] INFO MyMavenProject - Getting text of hotels
2024-10-14 23:42:15,003 [main] INFO MyMavenProject - Closing Browser
2024-10-14 23:42:22,927 [main] INFO MyMavenProject - Getting text of stays
2024-10-14 23:42:23,125 [main] INFO MyMavenProject - Closing Browser
2024-10-14 23:42:31,679 [main] INFO MyMavenProject - Getting text of holiday packages
2024-10-14 23:42:31,806 [main] INFO MyMavenProject - Closing Browser
2024-10-14 23:42:39,243 [main] INFO MyMavenProject - Getting text of trains
2024-10-14 23:42:39,399 [main] INFO MyMavenProject - Closing Browser
2024-10-14 23:42:46,239 [main] INFO MyMavenProject - Getting text of buses
2024-10-14 23:42:46,353 [main] INFO MyMavenProject - Closing Browser
2024-10-14 23:42:53,491 [main] INFO MyMavenProject - Getting text of cabs
2024-10-14 23:42:53,667 [main] INFO MyMavenProject - Closing Browser
2024-10-14 23:43:01,965 [main] INFO MyMavenProject - Getting text of cards
2024-10-14 23:43:02,078 [main] INFO MyMavenProject - Closing Browser
2024-10-14 23:43:09,684 [main] INFO MyMavenProject - Getting text of insurance
2024-10-14 23:43:09,823 [main] INFO MyMavenProject - Closing Browser
2024-10-14 23:43:17,353 [main] INFO MyMavenProject - Getting text of oneWay button
2024-10-14 23:43:20,505 [main] INFO MyMavenProject - Closing Browser
2024-10-14 23:43:27,956 [main] INFO MyMavenProject - Getting text of multiCity button
2024-10-14 23:43:31,084 [main] INFO MyMavenProject - Closing Browser
2024-10-14 23:43:38,171 [main] INFO MyMavenProject - Getting text of round trip button
2024-10-14 23:43:41,392 [main] INFO MyMavenProject - Closing Browser
2024-10-14 23:43:48,631 [main] INFO MyMavenProject - Clicking on RoundTrip Button
2024-10-14 23:43:51,754 [main] INFO MyMavenProject - Closing Browser
2024-10-14 23:48:10,051 [main] INFO MyMavenProject - Getting text of flights
2024-10-14 23:48:14,836 [main] INFO MyMavenProject - Closing Browser
2024-10-14 23:48:22,599 [main] INFO MyMavenProject - Getting text of hotels
2024-10-14 23:48:25,849 [main] INFO MyMavenProject - Closing Browser
2024-10-14 23:48:32,905 [main] INFO MyMavenProject - Getting text of stays
2024-10-14 23:48:36,076 [main] INFO MyMavenProject - Closing Browser
2024-10-14 23:50:02,588 [main] INFO MyMavenProject - Getting text of flights
2024-10-14 23:50:07,031 [main] INFO MyMavenProject - Closing Browser
2024-10-14 23:50:14,403 [main] INFO MyMavenProject - Getting text of hotels
2024-10-14 23:50:17,653 [main] INFO MyMavenProject - Closing Browser
2024-10-14 23:50:25,080 [main] INFO MyMavenProject - Getting text of stays
2024-10-14 23:50:28,314 [main] INFO MyMavenProject - Closing Browser
2024-10-14 23:50:36,389 [main] INFO MyMavenProject - Getting text of holiday packages
2024-10-14 23:50:39,551 [main] INFO MyMavenProject - Closing Browser
2024-10-14 23:50:47,372 [main] INFO MyMavenProject - Getting text of trains
2024-10-14 23:50:50,590 [main] INFO MyMavenProject - Closing Browser
2024-10-14 23:50:58,960 [main] INFO MyMavenProject - Getting text of buses
2024-10-14 23:51:02,194 [main] INFO MyMavenProject - Closing Browser
2024-10-14 23:51:09,814 [main] INFO MyMavenProject - Getting text of cabs
2024-10-14 23:51:12,938 [main] INFO MyMavenProject - Closing Browser
2024-10-14 23:51:24,365 [main] INFO MyMavenProject - Getting text of cards
2024-10-14 23:51:27,520 [main] INFO MyMavenProject - Closing Browser
2024-10-14 23:51:35,383 [main] INFO MyMavenProject - Getting text of insurance
2024-10-14 23:51:38,536 [main] INFO MyMavenProject - Closing Browser
2024-10-14 23:51:45,235 [main] INFO MyMavenProject - Getting text of oneWay button
2024-10-14 23:51:48,440 [main] INFO MyMavenProject - Closing Browser
2024-10-14 23:51:55,656 [main] INFO MyMavenProject - Getting text of multiCity button
2024-10-14 23:51:58,837 [main] INFO MyMavenProject - Closing Browser
2024-10-14 23:53:55,072 [main] INFO MyMavenProject - Clicking on RoundTrip Button
2024-10-14 23:53:58,153 [main] INFO MyMavenProject - Closing Browser
2024-10-14 23:54:07,573 [main] INFO MyMavenProject - Getting text of round trip button
2024-10-14 23:54:12,163 [main] INFO MyMavenProject - Closing Browser
2024-10-14 23:54:19,028 [main] INFO MyMavenProject - Getting text of flights
2024-10-14 23:54:22,209 [main] INFO MyMavenProject - Closing Browser
2024-10-14 23:54:29,341 [main] INFO MyMavenProject - Getting text of hotels
2024-10-14 23:54:32,549 [main] INFO MyMavenProject - Closing Browser
2024-10-14 23:54:39,913 [main] INFO MyMavenProject - Getting text of stays
2024-10-14 23:54:43,123 [main] INFO MyMavenProject - Closing Browser
2024-10-14 23:54:50,092 [main] INFO MyMavenProject - Getting text of holiday packages
2024-10-14 23:54:53,223 [main] INFO MyMavenProject - Closing Browser
2024-10-14 23:55:01,519 [main] INFO MyMavenProject - Getting text of trains
2024-10-14 23:55:04,738 [main] INFO MyMavenProject - Closing Browser
2024-10-14 23:55:43,312 [main] INFO MyMavenProject - Getting text of buses
2024-10-14 23:55:46,455 [main] INFO MyMavenProject - Closing Browser
2024-10-14 23:55:54,931 [main] INFO MyMavenProject - Getting text of cabs
2024-10-14 23:55:58,088 [main] INFO MyMavenProject - Closing Browser
2024-10-14 23:57:22,005 [main] INFO MyMavenProject - Clicking on RoundTrip Button
2024-10-14 23:57:25,219 [main] INFO MyMavenProject - Closing Browser
2024-10-15 00:00:35,077 [main] INFO MyMavenProject - Clicking on RoundTrip Button
2024-10-15 00:00:38,154 [main] INFO MyMavenProject - Closing Browser
2024-10-15 00:00:45,610 [main] INFO MyMavenProject - Getting text of round trip button
2024-10-15 00:00:50,553 [main] INFO MyMavenProject - Closing Browser
2024-10-15 00:00:58,288 [main] INFO MyMavenProject - Getting text of flights
2024-10-15 00:01:01,516 [main] INFO MyMavenProject - Closing Browser
2024-10-15 00:01:09,046 [main] INFO MyMavenProject - Getting text of hotels
2024-10-15 00:01:12,251 [main] INFO MyMavenProject - Closing Browser
2024-10-15 00:01:25,999 [main] INFO MyMavenProject - Getting text of stays
2024-10-15 00:01:29,208 [main] INFO MyMavenProject - Closing Browser
2024-10-15 00:01:37,237 [main] INFO MyMavenProject - Getting text of holiday packages
2024-10-15 00:01:40,415 [main] INFO MyMavenProject - Closing Browser
2024-10-15 00:01:47,937 [main] INFO MyMavenProject - Getting text of trains
2024-10-15 00:01:51,117 [main] INFO MyMavenProject - Closing Browser
2024-10-15 00:01:57,852 [main] INFO MyMavenProject - Getting text of buses
2024-10-15 00:02:00,986 [main] INFO MyMavenProject - Closing Browser
2024-10-15 00:02:11,101 [main] INFO MyMavenProject - Getting text of cabs
2024-10-15 00:02:14,308 [main] INFO MyMavenProject - Closing Browser
2024-10-15 00:02:21,902 [main] INFO MyMavenProject - Getting text of cards
2024-10-15 00:02:25,170 [main] INFO MyMavenProject - Closing Browser
2024-10-15 00:02:36,437 [main] INFO MyMavenProject - Getting text of insurance
2024-10-15 00:02:39,699 [main] INFO MyMavenProject - Closing Browser
2024-10-15 00:02:46,751 [main] INFO MyMavenProject - Getting text of oneWay button
2024-10-15 00:02:49,960 [main] INFO MyMavenProject - Closing Browser
2024-10-15 10:05:20,898 [main] INFO MyMavenProject - Clicking on RoundTrip Button
2024-10-15 10:05:23,989 [main] INFO MyMavenProject - Closing Browser
2024-10-15 10:05:33,008 [main] INFO MyMavenProject - Getting text of round trip button
2024-10-15 10:05:38,672 [main] INFO MyMavenProject - Closing Browser
2024-10-15 10:05:46,760 [main] INFO MyMavenProject - Getting text of flights
2024-10-15 10:05:50,161 [main] INFO MyMavenProject - Closing Browser
2024-10-15 10:05:58,292 [main] INFO MyMavenProject - Getting text of hotels
2024-10-15 10:06:01,512 [main] INFO MyMavenProject - Closing Browser
2024-10-15 10:06:32,916 [main] INFO MyMavenProject - Getting text of stays
2024-10-15 10:06:36,116 [main] INFO MyMavenProject - Closing Browser
2024-10-15 10:06:44,829 [main] INFO MyMavenProject - Getting text of holiday packages
2024-10-15 10:06:47,958 [main] INFO MyMavenProject - Closing Browser
2024-10-15 10:07:28,351 [main] INFO MyMavenProject - Getting text of trains
2024-10-15 10:07:31,549 [main] INFO MyMavenProject - Closing Browser
2024-10-15 10:07:38,684 [main] INFO MyMavenProject - Getting text of buses
2024-10-15 10:07:41,831 [main] INFO MyMavenProject - Closing Browser
2024-10-15 10:07:48,914 [main] INFO MyMavenProject - Getting text of cabs
2024-10-15 10:07:52,045 [main] INFO MyMavenProject - Closing Browser
2024-10-15 10:09:36,143 [main] INFO MyMavenProject - Clicking on RoundTrip Button
2024-10-15 10:11:37,819 [main] INFO MyMavenProject - Clicking on RoundTrip Button
2024-10-15 10:11:40,888 [main] INFO MyMavenProject - Closing Browser
2024-10-15 10:11:51,356 [main] INFO MyMavenProject - Getting text of round trip button
2024-10-15 10:11:56,236 [main] INFO MyMavenProject - Closing Browser
2024-10-15 10:12:06,345 [main] INFO MyMavenProject - Getting text of flights
2024-10-15 10:12:09,655 [main] INFO MyMavenProject - Closing Browser
2024-10-15 10:12:18,670 [main] INFO MyMavenProject - Getting text of hotels
2024-10-15 10:12:21,905 [main] INFO MyMavenProject - Closing Browser
2024-10-15 10:12:30,904 [main] INFO MyMavenProject - Getting text of stays
2024-10-15 10:12:34,107 [main] INFO MyMavenProject - Closing Browser
2024-10-15 10:12:43,375 [main] INFO MyMavenProject - Getting text of holiday packages
2024-10-15 10:12:46,526 [main] INFO MyMavenProject - Closing Browser
2024-10-15 10:12:57,025 [main] INFO MyMavenProject - Getting text of trains
2024-10-15 10:13:00,194 [main] INFO MyMavenProject - Closing Browser
2024-10-15 10:13:11,898 [main] INFO MyMavenProject - Getting text of buses
2024-10-15 10:13:15,144 [main] INFO MyMavenProject - Closing Browser
2024-10-15 10:13:25,775 [main] INFO MyMavenProject - Getting text of cabs
2024-10-15 10:13:28,930 [main] INFO MyMavenProject - Closing Browser
2024-10-15 10:13:46,947 [main] INFO MyMavenProject - Getting text of cards
2024-10-15 10:13:50,090 [main] INFO MyMavenProject - Closing Browser
2024-10-15 10:13:59,749 [main] INFO MyMavenProject - Getting text of insurance
2024-10-15 10:14:02,913 [main] INFO MyMavenProject - Closing Browser
2024-10-15 10:14:14,720 [main] INFO MyMavenProject - Getting text of oneWay button
2024-10-15 10:14:17,852 [main] INFO MyMavenProject - Closing Browser
2024-10-15 10:14:27,122 [main] INFO MyMavenProject - Getting text of multiCity button
2024-10-15 10:14:30,396 [main] INFO MyMavenProject - Closing Browser
2024-10-15 10:23:24,959 [main] INFO MyMavenProject - Getting text of flights
2024-10-15 10:23:29,815 [main] INFO MyMavenProject - Closing Browser
2024-10-15 10:23:39,148 [main] INFO MyMavenProject - Getting text of hotels
2024-10-15 10:23:42,396 [main] INFO MyMavenProject - Closing Browser
2024-10-15 10:23:53,249 [main] INFO MyMavenProject - Getting text of stays
2024-10-15 10:23:56,504 [main] INFO MyMavenProject - Closing Browser
2024-10-15 10:24:05,792 [main] INFO MyMavenProject - Getting text of holiday packages
2024-10-15 10:24:08,933 [main] INFO MyMavenProject - Closing Browser
2024-10-15 10:24:19,184 [main] INFO MyMavenProject - Getting text of trains
2024-10-15 10:24:22,314 [main] INFO MyMavenProject - Closing Browser
2024-10-15 10:24:31,552 [main] INFO MyMavenProject - Getting text of buses
2024-10-15 10:24:34,735 [main] INFO MyMavenProject - Closing Browser
2024-10-15 10:24:44,095 [main] INFO MyMavenProject - Getting text of cabs
2024-10-15 10:24:47,333 [main] INFO MyMavenProject - Closing Browser
2024-10-15 10:24:57,719 [main] INFO MyMavenProject - Getting text of cards
2024-10-15 10:25:00,936 [main] INFO MyMavenProject - Closing Browser
2024-10-15 10:25:09,994 [main] INFO MyMavenProject - Getting text of insurance
2024-10-15 10:25:13,243 [main] INFO MyMavenProject - Closing Browser
2024-10-15 10:25:22,398 [main] INFO MyMavenProject - Getting text of oneWay button
2024-10-15 10:25:25,638 [main] INFO MyMavenProject - Closing Browser
2024-10-15 10:25:35,091 [main] INFO MyMavenProject - Getting text of multiCity button
2024-10-15 10:25:38,444 [main] INFO MyMavenProject - Closing Browser
2024-10-15 10:33:33,166 [main] INFO MyMavenProject - Getting text of flights
2024-10-15 10:33:36,811 [main] INFO MyMavenProject - Closing Browser
2024-10-15 10:33:45,928 [main] INFO MyMavenProject - Getting text of hotels
2024-10-15 10:33:48,197 [main] INFO MyMavenProject - Closing Browser
2024-10-15 10:33:57,913 [main] INFO MyMavenProject - Getting text of stays
2024-10-15 10:34:00,066 [main] INFO MyMavenProject - Closing Browser
2024-10-15 10:35:18,418 [main] INFO MyMavenProject - Getting text of flights
2024-10-15 10:35:22,105 [main] INFO MyMavenProject - Closing Browser
2024-10-15 10:35:31,322 [main] INFO MyMavenProject - Getting text of hotels
2024-10-15 10:35:33,524 [main] INFO MyMavenProject - Closing Browser
2024-10-15 10:35:42,898 [main] INFO MyMavenProject - Getting text of stays
2024-10-15 10:35:45,207 [main] INFO MyMavenProject - Closing Browser
2024-10-15 10:35:54,077 [main] INFO MyMavenProject - Getting text of holiday packages
2024-10-15 10:35:56,255 [main] INFO MyMavenProject - Closing Browser
2024-10-15 10:36:05,231 [main] INFO MyMavenProject - Getting text of trains
2024-10-15 10:36:07,380 [main] INFO MyMavenProject - Closing Browser
2024-10-15 10:39:08,602 [main] INFO MyMavenProject - Getting text of flights
2024-10-15 10:39:12,170 [main] INFO MyMavenProject - Closing Browser
2024-10-15 10:39:22,320 [main] INFO MyMavenProject - Getting text of hotels
2024-10-15 10:39:24,587 [main] INFO MyMavenProject - Closing Browser
2024-10-15 10:39:34,851 [main] INFO MyMavenProject - Getting text of stays
2024-10-15 10:39:37,054 [main] INFO MyMavenProject - Closing Browser
2024-10-15 10:39:46,717 [main] INFO MyMavenProject - Getting text of holiday packages
2024-10-15 10:39:48,868 [main] INFO MyMavenProject - Closing Browser
2024-10-15 10:39:59,117 [main] INFO MyMavenProject - Getting text of trains
2024-10-15 10:40:01,261 [main] INFO MyMavenProject - Closing Browser
2024-10-15 10:40:11,662 [main] INFO MyMavenProject - Getting text of buses
2024-10-15 10:40:13,793 [main] INFO MyMavenProject - Closing Browser
2024-10-15 10:40:24,127 [main] INFO MyMavenProject - Getting text of cabs
2024-10-15 10:40:26,299 [main] INFO MyMavenProject - Closing Browser
2024-10-15 10:40:37,471 [main] INFO MyMavenProject - Getting text of cards
2024-10-15 10:40:39,666 [main] INFO MyMavenProject - Closing Browser
2024-10-15 10:40:50,882 [main] INFO MyMavenProject - Getting text of insurance
2024-10-15 10:40:53,036 [main] INFO MyMavenProject - Closing Browser
2024-10-15 10:41:03,278 [main] INFO MyMavenProject - Getting text of oneWay button
2024-10-15 10:41:08,661 [main] INFO MyMavenProject - Closing Browser
2024-10-15 10:41:20,335 [main] INFO MyMavenProject - Getting text of multiCity button
2024-10-15 10:41:25,683 [main] INFO MyMavenProject - Closing Browser
2024-10-15 10:41:36,255 [main] INFO MyMavenProject - Getting text of round trip button
2024-10-15 10:41:41,664 [main] INFO MyMavenProject - Closing Browser
2024-10-18 19:26:36,114 [main] INFO MyMavenProject - Getting text of flights
2024-10-18 19:26:39,830 [main] INFO MyMavenProject - Closing Browser
2024-10-18 19:26:50,782 [main] INFO MyMavenProject - Getting text of hotels
2024-10-18 19:26:53,007 [main] INFO MyMavenProject - Closing Browser
2024-10-18 19:27:03,889 [main] INFO MyMavenProject - Getting text of stays
2024-10-18 19:27:06,085 [main] INFO MyMavenProject - Closing Browser
2024-10-18 19:27:17,422 [main] INFO MyMavenProject - Getting text of holiday packages
2024-10-18 19:27:19,702 [main] INFO MyMavenProject - Closing Browser
2024-10-18 19:27:29,928 [main] INFO MyMavenProject - Getting text of trains
2024-10-18 19:27:32,190 [main] INFO MyMavenProject - Closing Browser
2024-10-18 19:27:42,214 [main] INFO MyMavenProject - Getting text of buses
2024-10-18 19:27:44,466 [main] INFO MyMavenProject - Closing Browser
2024-10-18 19:27:56,192 [main] INFO MyMavenProject - Getting text of cabs
2024-10-18 19:27:58,358 [main] INFO MyMavenProject - Closing Browser
2024-10-18 19:28:09,382 [main] INFO MyMavenProject - Getting text of cards
2024-10-18 19:28:11,631 [main] INFO MyMavenProject - Closing Browser
2024-10-18 19:28:25,722 [main] INFO MyMavenProject - Getting text of insurance
2024-10-18 19:28:27,979 [main] INFO MyMavenProject - Closing Browser
2024-10-18 19:28:39,105 [main] INFO MyMavenProject - Getting text of oneWay button
2024-10-18 19:28:44,561 [main] INFO MyMavenProject - Closing Browser
2024-10-18 19:31:28,428 [main] INFO MyMavenProject - Getting text of flights
2024-10-18 19:31:34,808 [main] INFO MyMavenProject - Closing Browser
2024-10-18 19:31:46,686 [main] INFO MyMavenProject - Getting text of hotels
2024-10-18 19:31:48,903 [main] INFO MyMavenProject - Closing Browser
2024-10-18 19:32:04,085 [main] INFO MyMavenProject - Getting text of stays
2024-10-18 19:32:06,526 [main] INFO MyMavenProject - Closing Browser
2024-10-18 19:32:33,699 [main] INFO MyMavenProject - Getting text of holiday packages
2024-10-18 19:32:36,199 [main] INFO MyMavenProject - Closing Browser
2024-10-18 19:35:01,343 [main] INFO MyMavenProject - Getting text of flights
2024-10-18 19:35:05,509 [main] INFO MyMavenProject - Closing Browser
2024-10-18 19:35:18,371 [main] INFO MyMavenProject - Getting text of hotels
2024-10-18 19:35:20,582 [main] INFO MyMavenProject - Closing Browser
2024-10-18 19:38:52,009 [main] INFO MyMavenProject - Getting text of flights
2024-10-18 19:38:55,919 [main] INFO MyMavenProject - Closing Browser
2024-10-18 19:52:01,401 [main] INFO MyMavenProject - Getting text of flights
2024-10-18 19:52:05,889 [main] INFO MyMavenProject - Closing Browser
2024-10-18 19:52:18,970 [main] INFO MyMavenProject - Getting text of hotels
2024-10-18 19:52:21,257 [main] INFO MyMavenProject - Closing Browser
2024-10-19 15:31:44,907 [main] INFO MyMavenProject - Getting text of holiday packages
2024-10-19 15:31:49,062 [main] INFO MyMavenProject - Closing Browser
2024-10-19 15:31:59,582 [main] INFO MyMavenProject - Getting text of trains
2024-10-19 15:32:01,861 [main] INFO MyMavenProject - Closing Browser
2024-10-19 15:32:12,706 [main] INFO MyMavenProject - Getting text of buses
2024-10-19 15:32:14,958 [main] INFO MyMavenProject - Closing Browser
2024-10-19 15:33:10,216 [main] INFO MyMavenProject - Getting text of cabs
2024-10-19 15:33:14,525 [main] INFO MyMavenProject - Closing Browser
2024-10-19 15:33:26,009 [main] INFO MyMavenProject - Getting text of cards
2024-10-19 15:33:28,218 [main] INFO MyMavenProject - Closing Browser
2024-10-19 15:33:39,409 [main] INFO MyMavenProject - Getting text of insurance
2024-10-19 15:33:41,620 [main] INFO MyMavenProject - Closing Browser
2024-10-19 15:34:08,016 [main] INFO MyMavenProject - Getting text of cabs
2024-10-19 15:34:11,540 [main] INFO MyMavenProject - Closing Browser
2024-10-19 15:34:22,860 [main] INFO MyMavenProject - Getting text of cards
2024-10-19 15:34:25,067 [main] INFO MyMavenProject - Closing Browser
2024-10-19 15:34:35,234 [main] INFO MyMavenProject - Getting text of insurance
2024-10-19 15:34:37,451 [main] INFO MyMavenProject - Closing Browser
2024-10-19 15:39:20,629 [main] INFO MyMavenProject - Getting text of holiday packages
2024-10-19 15:39:24,078 [main] INFO MyMavenProject - Closing Browser
2024-10-19 15:39:35,280 [main] INFO MyMavenProject - Getting text of trains
2024-10-19 15:39:37,462 [main] INFO MyMavenProject - Closing Browser
2024-10-19 15:39:46,938 [main] INFO MyMavenProject - Getting text of buses
2024-10-19 15:39:49,762 [main] INFO MyMavenProject - Closing Browser
2024-10-19 15:40:57,019 [main] INFO MyMavenProject - Getting text of flights
2024-10-19 15:41:00,448 [main] INFO MyMavenProject - Closing Browser
2024-10-19 15:41:12,048 [main] INFO MyMavenProject - Getting text of hotels
2024-10-19 15:41:14,888 [main] INFO MyMavenProject - Closing Browser
2024-10-19 15:41:25,667 [main] INFO MyMavenProject - Getting text of stays
2024-10-19 15:41:27,839 [main] INFO MyMavenProject - Closing Browser
2024-10-19 15:41:56,482 [main] INFO MyMavenProject - Getting text of cabs
2024-10-19 15:42:00,235 [main] INFO MyMavenProject - Closing Browser
2024-10-19 15:42:11,299 [main] INFO MyMavenProject - Getting text of cards
2024-10-19 15:42:13,505 [main] INFO MyMavenProject - Closing Browser
2024-10-19 15:42:23,852 [main] INFO MyMavenProject - Getting text of insurance
2024-10-19 15:42:26,083 [main] INFO MyMavenProject - Closing Browser
2024-10-19 15:43:06,209 [main] INFO MyMavenProject - Getting text of oneWay button
2024-10-19 15:43:12,885 [main] INFO MyMavenProject - Closing Browser
2024-10-19 15:43:44,022 [main] INFO MyMavenProject - Getting text of oneWay button
2024-10-19 15:43:51,149 [main] INFO MyMavenProject - Closing Browser
2024-10-19 15:44:02,516 [main] INFO MyMavenProject - Getting text of round trip button
2024-10-19 15:44:08,020 [main] INFO MyMavenProject - Closing Browser
2024-10-19 15:44:18,461 [main] INFO MyMavenProject - Getting text of multiCity button
2024-10-19 15:44:24,040 [main] INFO MyMavenProject - Closing Browser
2024-10-19 15:45:28,486 [main] INFO MyMavenProject - Getting text of holiday packages
2024-10-19 15:45:31,925 [main] INFO MyMavenProject - Closing Browser
2024-10-19 15:45:45,677 [main] INFO MyMavenProject - Getting text of oneWay button
2024-10-19 15:45:51,009 [main] INFO MyMavenProject - Closing Browser
2024-10-19 15:46:02,153 [main] INFO MyMavenProject - Getting text of round trip button
2024-10-19 15:46:07,597 [main] INFO MyMavenProject - Closing Browser
2024-10-19 15:46:17,776 [main] INFO MyMavenProject - Getting text of multiCity button
2024-10-19 15:46:23,762 [main] INFO MyMavenProject - Closing Browser
2024-10-19 15:49:24,552 [main] INFO MyMavenProject - Getting text of flights
2024-10-19 15:49:27,888 [main] INFO MyMavenProject - Closing Browser
2024-10-19 15:49:42,876 [main] INFO MyMavenProject - Getting text of hotels
2024-10-19 15:49:45,038 [main] INFO MyMavenProject - Closing Browser
2024-10-19 15:49:55,982 [main] INFO MyMavenProject - Getting text of stays
2024-10-19 15:49:58,193 [main] INFO MyMavenProject - Closing Browser
2024-10-19 15:50:08,765 [main] INFO MyMavenProject - Getting text of holiday packages
2024-10-19 15:50:11,306 [main] INFO MyMavenProject - Closing Browser
2024-10-19 15:50:22,020 [main] INFO MyMavenProject - Getting text of trains
2024-10-19 15:50:24,356 [main] INFO MyMavenProject - Closing Browser
2024-10-19 15:50:34,369 [main] INFO MyMavenProject - Getting text of buses
2024-10-19 15:50:36,544 [main] INFO MyMavenProject - Closing Browser
2024-10-19 15:50:46,183 [main] INFO MyMavenProject - Getting text of cabs
2024-10-19 15:50:48,320 [main] INFO MyMavenProject - Closing Browser
2024-10-19 15:50:58,675 [main] INFO MyMavenProject - Getting text of cards
2024-10-19 15:51:00,830 [main] INFO MyMavenProject - Closing Browser
2024-10-19 15:51:11,285 [main] INFO MyMavenProject - Getting text of insurance
2024-10-19 15:51:13,518 [main] INFO MyMavenProject - Closing Browser
2024-10-19 15:51:23,533 [main] INFO MyMavenProject - Getting text of oneWay button
2024-10-19 15:51:28,988 [main] INFO MyMavenProject - Closing Browser
2024-10-19 15:51:40,411 [main] INFO MyMavenProject - Getting text of round trip button
2024-10-19 15:51:45,768 [main] INFO MyMavenProject - Closing Browser
2024-10-19 15:53:05,499 [main] INFO MyMavenProject - Getting text of flights
2024-10-19 15:53:09,121 [main] INFO MyMavenProject - Closing Browser
2024-10-19 15:53:19,633 [main] INFO MyMavenProject - Getting text of hotels
2024-10-19 15:53:21,855 [main] INFO MyMavenProject - Closing Browser
2024-10-19 15:53:32,360 [main] INFO MyMavenProject - Getting text of stays
2024-10-19 15:53:34,522 [main] INFO MyMavenProject - Closing Browser
2024-10-19 15:53:44,676 [main] INFO MyMavenProject - Getting text of holiday packages
2024-10-19 15:53:46,871 [main] INFO MyMavenProject - Closing Browser
2024-10-19 15:53:57,041 [main] INFO MyMavenProject - Getting text of trains
2024-10-19 15:53:59,185 [main] INFO MyMavenProject - Closing Browser
2024-10-19 15:54:09,238 [main] INFO MyMavenProject - Getting text of buses
2024-10-19 15:54:11,372 [main] INFO MyMavenProject - Closing Browser
2024-10-19 15:54:22,740 [main] INFO MyMavenProject - Getting text of cabs
2024-10-19 15:54:25,142 [main] INFO MyMavenProject - Closing Browser
2024-10-19 15:54:37,279 [main] INFO MyMavenProject - Getting text of cards
2024-10-19 15:54:39,447 [main] INFO MyMavenProject - Closing Browser
2024-10-19 15:54:49,687 [main] INFO MyMavenProject - Getting text of insurance
2024-10-19 15:54:51,867 [main] INFO MyMavenProject - Closing Browser
2024-10-19 15:55:02,083 [main] INFO MyMavenProject - Getting text of oneWay button
2024-10-19 15:55:07,507 [main] INFO MyMavenProject - Closing Browser
2024-10-19 15:55:17,865 [main] INFO MyMavenProject - Getting text of round trip button
2024-10-19 15:55:23,287 [main] INFO MyMavenProject - Closing Browser
2024-10-19 15:55:33,228 [main] INFO MyMavenProject - Getting text of multiCity button
2024-10-19 15:55:39,095 [main] INFO MyMavenProject - Closing Browser
