2024-10-14 19:07:02,016 - MyMavenProject -INFO - Getting text of flights
2024-10-14 19:07:04,172 - MyMavenProject -INFO - Closing Browser
2024-10-14 19:09:36,875 - MyMavenProject -INFO - Getting text of mmtLogo
2024-10-14 19:30:10,443 - MyMavenProject -INFO - Getting text of mmtLogo
2024-10-14 19:37:36,731 - MyMavenProject -INFO - Getting text of mmtLogo
2024-10-14 19:43:35,488 - MyMavenProject -INFO - Getting text of mmtLogo
2024-10-14 19:45:23,335 - MyMavenProject -INFO - Getting text of mmtLogo
2024-10-14 19:47:13,940 - MyMavenProject -INFO - Getting text of mmtLogo
2024-10-14 19:47:13,974 - MyMavenProject -INFO - Getting text of flights
2024-10-14 19:47:16,114 - MyMavenProject -INFO - Closing Browser
2024-10-14 19:47:26,785 - MyMavenProject -INFO - Getting text of mmtLogo
2024-10-14 19:47:26,791 - MyMavenProject -INFO - Getting text of buses
2024-10-14 19:47:29,745 - MyMavenProject -INFO - Closing Browser
2024-10-14 19:47:39,164 - MyMavenProject -INFO - Getting text of mmtLogo
2024-10-14 19:47:39,173 - MyMavenProject -INFO - Getting text of cabs
2024-10-14 19:47:39,425 - MyMavenProject -INFO - Closing Browser
2024-10-14 19:47:47,900 - MyMavenProject -INFO - Getting text of mmtLogo
2024-10-14 19:47:47,904 - MyMavenProject -INFO - Getting text of cards
2024-10-14 19:47:48,198 - MyMavenProject -INFO - Closing Browser
2024-10-14 21:00:20,551 - MyMavenProject -INFO - Getting text of mmtLogo
2024-10-14 21:00:20,604 - MyMavenProject -INFO - Getting text of flights
2024-10-14 21:00:22,759 - MyMavenProject -INFO - Closing Browser
2024-10-14 21:56:59,058 - MyMavenProject -INFO - Getting text of flights
2024-10-14 21:57:01,598 - MyMavenProject -INFO - Closing Browser
2024-10-14 21:57:11,344 - MyMavenProject -INFO - Getting text of buses
2024-10-14 21:57:13,260 - MyMavenProject -INFO - Closing Browser
2024-10-14 21:57:20,513 - MyMavenProject -INFO - Getting text of cabs
2024-10-14 21:57:20,725 - MyMavenProject -INFO - Closing Browser
2024-10-14 21:57:28,139 - MyMavenProject -INFO - Getting text of cards
2024-10-14 21:57:28,290 - MyMavenProject -INFO - Closing Browser
2024-10-14 21:57:35,490 - MyMavenProject -INFO - Getting text of flights
2024-10-14 21:57:35,650 - MyMavenProject -INFO - Closing Browser
2024-10-14 21:57:42,903 - MyMavenProject -INFO - Getting text of holiday packages
2024-10-14 21:57:43,017 - MyMavenProject -INFO - Closing Browser
2024-10-14 21:57:49,850 - MyMavenProject -INFO - Getting text of hotels
2024-10-14 21:57:49,991 - MyMavenProject -INFO - Closing Browser
2024-10-14 21:57:57,236 - MyMavenProject -INFO - Getting text of insurance
2024-10-14 21:57:57,374 - MyMavenProject -INFO - Closing Browser
2024-10-14 21:58:04,764 - MyMavenProject -INFO - Getting text of multiCity button
2024-10-14 21:58:04,926 - MyMavenProject -INFO - Closing Browser
2024-10-14 22:02:58,945 - MyMavenProject -INFO - Getting text of flights
2024-10-14 22:03:02,024 - MyMavenProject -INFO - Closing Browser
2024-10-14 22:03:12,516 - MyMavenProject -INFO - Getting text of buses
2024-10-14 22:03:14,051 - MyMavenProject -INFO - Closing Browser
2024-10-14 22:03:24,549 - MyMavenProject -INFO - Getting text of cabs
2024-10-14 22:03:24,698 - MyMavenProject -INFO - Closing Browser
2024-10-14 22:03:35,786 - MyMavenProject -INFO - Getting text of cards
2024-10-14 22:03:35,946 - MyMavenProject -INFO - Closing Browser
2024-10-14 22:03:47,591 - MyMavenProject -INFO - Getting text of flights
2024-10-14 22:03:47,796 - MyMavenProject -INFO - Closing Browser
2024-10-14 22:03:57,907 - MyMavenProject -INFO - Getting text of holiday packages
2024-10-14 22:03:58,057 - MyMavenProject -INFO - Closing Browser
2024-10-14 22:04:08,521 - MyMavenProject -INFO - Getting text of hotels
2024-10-14 22:04:08,644 - MyMavenProject -INFO - Closing Browser
2024-10-14 22:04:20,354 - MyMavenProject -INFO - Getting text of insurance
2024-10-14 22:04:20,528 - MyMavenProject -INFO - Closing Browser
2024-10-14 22:04:30,645 - MyMavenProject -INFO - Getting text of multiCity button
2024-10-14 22:04:30,774 - MyMavenProject -INFO - Closing Browser
2024-10-14 22:44:55,038 - MyMavenProject -INFO - Getting text of flights
2024-10-14 22:44:58,116 - MyMavenProject -INFO - Closing Browser
2024-10-14 22:45:14,761 - MyMavenProject -INFO - Getting text of buses
2024-10-14 22:45:16,154 - MyMavenProject -INFO - Closing Browser
2024-10-14 22:45:27,269 - MyMavenProject -INFO - Getting text of cabs
2024-10-14 22:45:27,463 - MyMavenProject -INFO - Closing Browser
2024-10-14 22:45:38,356 - MyMavenProject -INFO - Getting text of cards
2024-10-14 22:45:38,483 - MyMavenProject -INFO - Closing Browser
2024-10-14 22:45:52,640 - MyMavenProject -INFO - Getting text of flights
2024-10-14 22:45:52,808 - MyMavenProject -INFO - Closing Browser
2024-10-14 22:46:03,497 - MyMavenProject -INFO - Getting text of holiday packages
2024-10-14 22:46:03,596 - MyMavenProject -INFO - Closing Browser
2024-10-14 22:46:14,242 - MyMavenProject -INFO - Getting text of hotels
2024-10-14 22:46:14,378 - MyMavenProject -INFO - Closing Browser
2024-10-14 22:46:26,271 - MyMavenProject -INFO - Getting text of insurance
2024-10-14 22:46:26,416 - MyMavenProject -INFO - Closing Browser
2024-10-14 22:46:47,888 - MyMavenProject -INFO - Getting text of multiCity button
2024-10-14 22:46:48,033 - MyMavenProject -INFO - Closing Browser
2024-10-14 22:47:21,141 - MyMavenProject -INFO - Getting text of oneWay button
2024-10-14 22:47:21,245 - MyMavenProject -INFO - Closing Browser
2024-10-14 22:47:31,346 - MyMavenProject -INFO - Getting text of round trip button
2024-10-14 22:47:31,493 - MyMavenProject -INFO - Closing Browser
2024-10-14 22:47:44,908 - MyMavenProject -INFO - Getting text of stays
2024-10-14 22:47:45,010 - MyMavenProject -INFO - Closing Browser
2024-10-14 22:47:54,649 - MyMavenProject -INFO - Getting text of trains
2024-10-14 22:47:54,765 - MyMavenProject -INFO - Closing Browser
2024-10-14 22:50:23,880 - MyMavenProject -INFO - Getting text of flights
2024-10-14 22:50:26,950 - MyMavenProject -INFO - Closing Browser
2024-10-14 22:51:36,565 - MyMavenProject -INFO - Getting text of buses
2024-10-14 22:51:37,903 - MyMavenProject -INFO - Closing Browser
2024-10-14 22:51:47,990 - MyMavenProject -INFO - Getting text of cabs
2024-10-14 22:51:48,159 - MyMavenProject -INFO - Closing Browser
2024-10-14 22:52:04,592 - MyMavenProject -INFO - Getting text of cards
2024-10-14 22:52:04,718 - MyMavenProject -INFO - Closing Browser
2024-10-14 22:52:14,594 - MyMavenProject -INFO - Getting text of flights
2024-10-14 22:52:17,780 - MyMavenProject -INFO - Closing Browser
2024-10-14 22:52:33,284 - MyMavenProject -INFO - Getting text of holiday packages
2024-10-14 22:52:33,414 - MyMavenProject -INFO - Closing Browser
2024-10-14 22:52:44,783 - MyMavenProject -INFO - Getting text of hotels
2024-10-14 22:52:47,888 - MyMavenProject -INFO - Closing Browser
2024-10-14 22:52:59,806 - MyMavenProject -INFO - Getting text of insurance
2024-10-14 22:52:59,960 - MyMavenProject -INFO - Closing Browser
2024-10-14 22:53:12,423 - MyMavenProject -INFO - Getting text of multiCity button
2024-10-14 22:53:12,520 - MyMavenProject -INFO - Closing Browser
2024-10-14 22:53:22,560 - MyMavenProject -INFO - Getting text of oneWay button
2024-10-14 22:53:22,723 - MyMavenProject -INFO - Closing Browser
2024-10-14 22:53:33,067 - MyMavenProject -INFO - Getting text of round trip button
2024-10-14 22:53:33,210 - MyMavenProject -INFO - Closing Browser
2024-10-14 22:53:41,883 - MyMavenProject -INFO - Getting text of stays
2024-10-14 22:53:42,010 - MyMavenProject -INFO - Closing Browser
2024-10-14 22:53:52,805 - MyMavenProject -INFO - Getting text of trains
2024-10-14 22:53:52,970 - MyMavenProject -INFO - Closing Browser
2024-10-14 22:56:30,230 - MyMavenProject -INFO - Getting text of mmtLogo
2024-10-14 23:01:30,393 - MyMavenProject -INFO - Getting text of flights
2024-10-14 23:01:35,112 - MyMavenProject -INFO - Getting text of flights
2024-10-14 23:01:38,176 - MyMavenProject -INFO - Closing Browser
2024-10-14 23:01:45,583 - MyMavenProject -INFO - Getting text of flights
2024-10-14 23:01:48,819 - MyMavenProject -INFO - Getting text of buses
2024-10-14 23:01:49,410 - MyMavenProject -INFO - Closing Browser
2024-10-14 23:01:57,226 - MyMavenProject -INFO - Getting text of flights
2024-10-14 23:02:00,407 - MyMavenProject -INFO - Getting text of cabs
2024-10-14 23:02:00,872 - MyMavenProject -INFO - Closing Browser
2024-10-14 23:02:10,762 - MyMavenProject -INFO - Getting text of flights
2024-10-14 23:02:13,941 - MyMavenProject -INFO - Getting text of cards
2024-10-14 23:02:14,404 - MyMavenProject -INFO - Closing Browser
2024-10-14 23:02:22,927 - MyMavenProject -INFO - Getting text of flights
2024-10-14 23:02:26,077 - MyMavenProject -INFO - Getting text of holiday packages
2024-10-14 23:02:26,574 - MyMavenProject -INFO - Closing Browser
2024-10-14 23:02:35,879 - MyMavenProject -INFO - Getting text of flights
2024-10-14 23:02:39,136 - MyMavenProject -INFO - Getting text of hotels
2024-10-14 23:02:42,258 - MyMavenProject -INFO - Closing Browser
2024-10-14 23:02:54,368 - MyMavenProject -INFO - Getting text of flights
2024-10-14 23:02:57,508 - MyMavenProject -INFO - Getting text of insurance
2024-10-14 23:02:57,793 - MyMavenProject -INFO - Closing Browser
2024-10-14 23:03:05,465 - MyMavenProject -INFO - Getting text of flights
2024-10-14 23:03:08,588 - MyMavenProject -INFO - Getting text of multiCity button
2024-10-14 23:03:09,028 - MyMavenProject -INFO - Closing Browser
2024-10-14 23:03:15,812 - MyMavenProject -INFO - Getting text of flights
2024-10-14 23:03:18,969 - MyMavenProject -INFO - Getting text of oneWay button
2024-10-14 23:03:19,575 - MyMavenProject -INFO - Closing Browser
2024-10-14 23:03:26,380 - MyMavenProject -INFO - Getting text of flights
2024-10-14 23:03:29,518 - MyMavenProject -INFO - Getting text of round trip button
2024-10-14 23:03:29,917 - MyMavenProject -INFO - Closing Browser
2024-10-14 23:03:36,838 - MyMavenProject -INFO - Getting text of flights
2024-10-14 23:03:40,018 - MyMavenProject -INFO - Getting text of stays
2024-10-14 23:03:40,446 - MyMavenProject -INFO - Closing Browser
2024-10-14 23:03:48,262 - MyMavenProject -INFO - Getting text of flights
2024-10-14 23:03:51,410 - MyMavenProject -INFO - Getting text of trains
2024-10-14 23:03:51,797 - MyMavenProject -INFO - Closing Browser
2024-10-14 23:24:58,595 - MyMavenProject -INFO - Getting text of flights
2024-10-14 23:25:03,415 - MyMavenProject -INFO - Getting text of hotels
2024-10-14 23:25:06,595 - MyMavenProject -INFO - Closing Browser
2024-10-14 23:30:11,744 - MyMavenProject -INFO - Getting text of flights
2024-10-14 23:30:16,216 - MyMavenProject -INFO - Closing Browser
2024-10-14 23:32:34,958 - MyMavenProject -INFO - Getting text of flights
2024-10-14 23:32:39,707 - MyMavenProject -INFO - Closing Browser
2024-10-14 23:32:49,302 - MyMavenProject -INFO - Getting text of hotels
2024-10-14 23:32:52,521 - MyMavenProject -INFO - Closing Browser
2024-10-14 23:32:59,734 - MyMavenProject -INFO - Getting text of stays
2024-10-14 23:32:59,934 - MyMavenProject -INFO - Closing Browser
2024-10-14 23:33:07,101 - MyMavenProject -INFO - Getting text of holiday packages
2024-10-14 23:33:07,248 - MyMavenProject -INFO - Closing Browser
2024-10-14 23:33:14,673 - MyMavenProject -INFO - Getting text of trains
2024-10-14 23:33:14,971 - MyMavenProject -INFO - Closing Browser
2024-10-14 23:33:22,297 - MyMavenProject -INFO - Getting text of buses
2024-10-14 23:33:22,450 - MyMavenProject -INFO - Closing Browser
2024-10-14 23:33:30,188 - MyMavenProject -INFO - Getting text of cabs
2024-10-14 23:33:30,323 - MyMavenProject -INFO - Closing Browser
2024-10-14 23:33:38,924 - MyMavenProject -INFO - Getting text of cards
2024-10-14 23:33:39,174 - MyMavenProject -INFO - Closing Browser
2024-10-14 23:33:46,463 - MyMavenProject -INFO - Getting text of insurance
2024-10-14 23:33:46,650 - MyMavenProject -INFO - Closing Browser
2024-10-14 23:34:06,021 - MyMavenProject -INFO - Getting text of oneWay button
2024-10-14 23:34:09,138 - MyMavenProject -INFO - Closing Browser
2024-10-14 23:34:16,670 - MyMavenProject -INFO - Getting text of multiCity button
2024-10-14 23:34:19,913 - MyMavenProject -INFO - Closing Browser
2024-10-14 23:34:29,618 - MyMavenProject -INFO - Getting text of round trip button
2024-10-14 23:34:32,794 - MyMavenProject -INFO - Closing Browser
2024-10-14 23:34:40,757 - MyMavenProject -INFO - Clicking on RoundTrip Button
2024-10-14 23:34:43,898 - MyMavenProject -INFO - Closing Browser
2024-10-14 23:41:59,345 - MyMavenProject -INFO - Getting text of flights
2024-10-14 23:42:04,029 - MyMavenProject -INFO - Closing Browser
2024-10-14 23:42:11,709 - MyMavenProject -INFO - Getting text of hotels
2024-10-14 23:42:15,003 - MyMavenProject -INFO - Closing Browser
2024-10-14 23:42:22,927 - MyMavenProject -INFO - Getting text of stays
2024-10-14 23:42:23,125 - MyMavenProject -INFO - Closing Browser
2024-10-14 23:42:31,679 - MyMavenProject -INFO - Getting text of holiday packages
2024-10-14 23:42:31,806 - MyMavenProject -INFO - Closing Browser
2024-10-14 23:42:39,243 - MyMavenProject -INFO - Getting text of trains
2024-10-14 23:42:39,399 - MyMavenProject -INFO - Closing Browser
2024-10-14 23:42:46,239 - MyMavenProject -INFO - Getting text of buses
2024-10-14 23:42:46,353 - MyMavenProject -INFO - Closing Browser
2024-10-14 23:42:53,491 - MyMavenProject -INFO - Getting text of cabs
2024-10-14 23:42:53,667 - MyMavenProject -INFO - Closing Browser
2024-10-14 23:43:01,965 - MyMavenProject -INFO - Getting text of cards
2024-10-14 23:43:02,078 - MyMavenProject -INFO - Closing Browser
2024-10-14 23:43:09,684 - MyMavenProject -INFO - Getting text of insurance
2024-10-14 23:43:09,823 - MyMavenProject -INFO - Closing Browser
2024-10-14 23:43:17,353 - MyMavenProject -INFO - Getting text of oneWay button
2024-10-14 23:43:20,505 - MyMavenProject -INFO - Closing Browser
2024-10-14 23:43:27,956 - MyMavenProject -INFO - Getting text of multiCity button
2024-10-14 23:43:31,084 - MyMavenProject -INFO - Closing Browser
2024-10-14 23:43:38,171 - MyMavenProject -INFO - Getting text of round trip button
2024-10-14 23:43:41,392 - MyMavenProject -INFO - Closing Browser
2024-10-14 23:43:48,631 - MyMavenProject -INFO - Clicking on RoundTrip Button
2024-10-14 23:43:51,754 - MyMavenProject -INFO - Closing Browser
2024-10-14 23:48:10,051 - MyMavenProject -INFO - Getting text of flights
2024-10-14 23:48:14,836 - MyMavenProject -INFO - Closing Browser
2024-10-14 23:48:22,599 - MyMavenProject -INFO - Getting text of hotels
2024-10-14 23:48:25,849 - MyMavenProject -INFO - Closing Browser
2024-10-14 23:48:32,905 - MyMavenProject -INFO - Getting text of stays
2024-10-14 23:48:36,076 - MyMavenProject -INFO - Closing Browser
2024-10-14 23:50:02,588 - MyMavenProject -INFO - Getting text of flights
2024-10-14 23:50:07,031 - MyMavenProject -INFO - Closing Browser
2024-10-14 23:50:14,403 - MyMavenProject -INFO - Getting text of hotels
2024-10-14 23:50:17,653 - MyMavenProject -INFO - Closing Browser
2024-10-14 23:50:25,080 - MyMavenProject -INFO - Getting text of stays
2024-10-14 23:50:28,314 - MyMavenProject -INFO - Closing Browser
2024-10-14 23:50:36,389 - MyMavenProject -INFO - Getting text of holiday packages
2024-10-14 23:50:39,551 - MyMavenProject -INFO - Closing Browser
2024-10-14 23:50:47,372 - MyMavenProject -INFO - Getting text of trains
2024-10-14 23:50:50,590 - MyMavenProject -INFO - Closing Browser
2024-10-14 23:50:58,960 - MyMavenProject -INFO - Getting text of buses
2024-10-14 23:51:02,194 - MyMavenProject -INFO - Closing Browser
2024-10-14 23:51:09,814 - MyMavenProject -INFO - Getting text of cabs
2024-10-14 23:51:12,938 - MyMavenProject -INFO - Closing Browser
2024-10-14 23:51:24,365 - MyMavenProject -INFO - Getting text of cards
2024-10-14 23:51:27,520 - MyMavenProject -INFO - Closing Browser
2024-10-14 23:51:35,383 - MyMavenProject -INFO - Getting text of insurance
2024-10-14 23:51:38,536 - MyMavenProject -INFO - Closing Browser
2024-10-14 23:51:45,235 - MyMavenProject -INFO - Getting text of oneWay button
2024-10-14 23:51:48,440 - MyMavenProject -INFO - Closing Browser
2024-10-14 23:51:55,656 - MyMavenProject -INFO - Getting text of multiCity button
2024-10-14 23:51:58,837 - MyMavenProject -INFO - Closing Browser
2024-10-14 23:53:55,072 - MyMavenProject -INFO - Clicking on RoundTrip Button
2024-10-14 23:53:58,153 - MyMavenProject -INFO - Closing Browser
2024-10-14 23:54:07,573 - MyMavenProject -INFO - Getting text of round trip button
2024-10-14 23:54:12,163 - MyMavenProject -INFO - Closing Browser
2024-10-14 23:54:19,028 - MyMavenProject -INFO - Getting text of flights
2024-10-14 23:54:22,209 - MyMavenProject -INFO - Closing Browser
2024-10-14 23:54:29,341 - MyMavenProject -INFO - Getting text of hotels
2024-10-14 23:54:32,549 - MyMavenProject -INFO - Closing Browser
2024-10-14 23:54:39,913 - MyMavenProject -INFO - Getting text of stays
2024-10-14 23:54:43,123 - MyMavenProject -INFO - Closing Browser
2024-10-14 23:54:50,092 - MyMavenProject -INFO - Getting text of holiday packages
2024-10-14 23:54:53,223 - MyMavenProject -INFO - Closing Browser
2024-10-14 23:55:01,519 - MyMavenProject -INFO - Getting text of trains
2024-10-14 23:55:04,738 - MyMavenProject -INFO - Closing Browser
2024-10-14 23:55:43,312 - MyMavenProject -INFO - Getting text of buses
2024-10-14 23:55:46,455 - MyMavenProject -INFO - Closing Browser
2024-10-14 23:55:54,931 - MyMavenProject -INFO - Getting text of cabs
2024-10-14 23:55:58,088 - MyMavenProject -INFO - Closing Browser
2024-10-14 23:57:22,005 - MyMavenProject -INFO - Clicking on RoundTrip Button
2024-10-14 23:57:25,219 - MyMavenProject -INFO - Closing Browser
2024-10-15 00:00:35,077 - MyMavenProject -INFO - Clicking on RoundTrip Button
2024-10-15 00:00:38,154 - MyMavenProject -INFO - Closing Browser
2024-10-15 00:00:45,610 - MyMavenProject -INFO - Getting text of round trip button
2024-10-15 00:00:50,553 - MyMavenProject -INFO - Closing Browser
2024-10-15 00:00:58,288 - MyMavenProject -INFO - Getting text of flights
2024-10-15 00:01:01,516 - MyMavenProject -INFO - Closing Browser
2024-10-15 00:01:09,046 - MyMavenProject -INFO - Getting text of hotels
2024-10-15 00:01:12,251 - MyMavenProject -INFO - Closing Browser
2024-10-15 00:01:25,999 - MyMavenProject -INFO - Getting text of stays
2024-10-15 00:01:29,208 - MyMavenProject -INFO - Closing Browser
2024-10-15 00:01:37,237 - MyMavenProject -INFO - Getting text of holiday packages
2024-10-15 00:01:40,415 - MyMavenProject -INFO - Closing Browser
2024-10-15 00:01:47,937 - MyMavenProject -INFO - Getting text of trains
2024-10-15 00:01:51,117 - MyMavenProject -INFO - Closing Browser
2024-10-15 00:01:57,852 - MyMavenProject -INFO - Getting text of buses
2024-10-15 00:02:00,986 - MyMavenProject -INFO - Closing Browser
2024-10-15 00:02:11,101 - MyMavenProject -INFO - Getting text of cabs
2024-10-15 00:02:14,308 - MyMavenProject -INFO - Closing Browser
2024-10-15 00:02:21,902 - MyMavenProject -INFO - Getting text of cards
2024-10-15 00:02:25,170 - MyMavenProject -INFO - Closing Browser
2024-10-15 00:02:36,437 - MyMavenProject -INFO - Getting text of insurance
2024-10-15 00:02:39,699 - MyMavenProject -INFO - Closing Browser
2024-10-15 00:02:46,751 - MyMavenProject -INFO - Getting text of oneWay button
2024-10-15 00:02:49,960 - MyMavenProject -INFO - Closing Browser
2024-10-15 10:05:20,898 - MyMavenProject -INFO - Clicking on RoundTrip Button
2024-10-15 10:05:23,989 - MyMavenProject -INFO - Closing Browser
2024-10-15 10:05:33,008 - MyMavenProject -INFO - Getting text of round trip button
2024-10-15 10:05:38,672 - MyMavenProject -INFO - Closing Browser
2024-10-15 10:05:46,760 - MyMavenProject -INFO - Getting text of flights
2024-10-15 10:05:50,161 - MyMavenProject -INFO - Closing Browser
2024-10-15 10:05:58,292 - MyMavenProject -INFO - Getting text of hotels
2024-10-15 10:06:01,512 - MyMavenProject -INFO - Closing Browser
2024-10-15 10:06:32,916 - MyMavenProject -INFO - Getting text of stays
2024-10-15 10:06:36,116 - MyMavenProject -INFO - Closing Browser
2024-10-15 10:06:44,829 - MyMavenProject -INFO - Getting text of holiday packages
2024-10-15 10:06:47,958 - MyMavenProject -INFO - Closing Browser
2024-10-15 10:07:28,351 - MyMavenProject -INFO - Getting text of trains
2024-10-15 10:07:31,549 - MyMavenProject -INFO - Closing Browser
2024-10-15 10:07:38,684 - MyMavenProject -INFO - Getting text of buses
2024-10-15 10:07:41,831 - MyMavenProject -INFO - Closing Browser
2024-10-15 10:07:48,914 - MyMavenProject -INFO - Getting text of cabs
2024-10-15 10:07:52,045 - MyMavenProject -INFO - Closing Browser
2024-10-15 10:09:36,143 - MyMavenProject -INFO - Clicking on RoundTrip Button
2024-10-15 10:11:37,819 - MyMavenProject -INFO - Clicking on RoundTrip Button
2024-10-15 10:11:40,888 - MyMavenProject -INFO - Closing Browser
2024-10-15 10:11:51,356 - MyMavenProject -INFO - Getting text of round trip button
2024-10-15 10:11:56,236 - MyMavenProject -INFO - Closing Browser
2024-10-15 10:12:06,345 - MyMavenProject -INFO - Getting text of flights
2024-10-15 10:12:09,655 - MyMavenProject -INFO - Closing Browser
2024-10-15 10:12:18,670 - MyMavenProject -INFO - Getting text of hotels
2024-10-15 10:12:21,905 - MyMavenProject -INFO - Closing Browser
2024-10-15 10:12:30,904 - MyMavenProject -INFO - Getting text of stays
2024-10-15 10:12:34,107 - MyMavenProject -INFO - Closing Browser
2024-10-15 10:12:43,375 - MyMavenProject -INFO - Getting text of holiday packages
2024-10-15 10:12:46,526 - MyMavenProject -INFO - Closing Browser
2024-10-15 10:12:57,025 - MyMavenProject -INFO - Getting text of trains
2024-10-15 10:13:00,194 - MyMavenProject -INFO - Closing Browser
2024-10-15 10:13:11,898 - MyMavenProject -INFO - Getting text of buses
2024-10-15 10:13:15,144 - MyMavenProject -INFO - Closing Browser
2024-10-15 10:13:25,775 - MyMavenProject -INFO - Getting text of cabs
2024-10-15 10:13:28,930 - MyMavenProject -INFO - Closing Browser
2024-10-15 10:13:46,947 - MyMavenProject -INFO - Getting text of cards
2024-10-15 10:13:50,090 - MyMavenProject -INFO - Closing Browser
2024-10-15 10:13:59,749 - MyMavenProject -INFO - Getting text of insurance
2024-10-15 10:14:02,913 - MyMavenProject -INFO - Closing Browser
2024-10-15 10:14:14,720 - MyMavenProject -INFO - Getting text of oneWay button
2024-10-15 10:14:17,852 - MyMavenProject -INFO - Closing Browser
2024-10-15 10:14:27,122 - MyMavenProject -INFO - Getting text of multiCity button
2024-10-15 10:14:30,396 - MyMavenProject -INFO - Closing Browser
2024-10-15 10:23:24,959 - MyMavenProject -INFO - Getting text of flights
2024-10-15 10:23:29,815 - MyMavenProject -INFO - Closing Browser
2024-10-15 10:23:39,148 - MyMavenProject -INFO - Getting text of hotels
2024-10-15 10:23:42,396 - MyMavenProject -INFO - Closing Browser
2024-10-15 10:23:53,249 - MyMavenProject -INFO - Getting text of stays
2024-10-15 10:23:56,504 - MyMavenProject -INFO - Closing Browser
2024-10-15 10:24:05,792 - MyMavenProject -INFO - Getting text of holiday packages
2024-10-15 10:24:08,933 - MyMavenProject -INFO - Closing Browser
2024-10-15 10:24:19,184 - MyMavenProject -INFO - Getting text of trains
2024-10-15 10:24:22,314 - MyMavenProject -INFO - Closing Browser
2024-10-15 10:24:31,552 - MyMavenProject -INFO - Getting text of buses
2024-10-15 10:24:34,735 - MyMavenProject -INFO - Closing Browser
2024-10-15 10:24:44,095 - MyMavenProject -INFO - Getting text of cabs
2024-10-15 10:24:47,333 - MyMavenProject -INFO - Closing Browser
2024-10-15 10:24:57,719 - MyMavenProject -INFO - Getting text of cards
2024-10-15 10:25:00,936 - MyMavenProject -INFO - Closing Browser
2024-10-15 10:25:09,994 - MyMavenProject -INFO - Getting text of insurance
2024-10-15 10:25:13,243 - MyMavenProject -INFO - Closing Browser
2024-10-15 10:25:22,398 - MyMavenProject -INFO - Getting text of oneWay button
2024-10-15 10:25:25,638 - MyMavenProject -INFO - Closing Browser
2024-10-15 10:25:35,091 - MyMavenProject -INFO - Getting text of multiCity button
2024-10-15 10:25:38,444 - MyMavenProject -INFO - Closing Browser
2024-10-15 10:33:33,166 - MyMavenProject -INFO - Getting text of flights
2024-10-15 10:33:36,811 - MyMavenProject -INFO - Closing Browser
2024-10-15 10:33:45,928 - MyMavenProject -INFO - Getting text of hotels
2024-10-15 10:33:48,197 - MyMavenProject -INFO - Closing Browser
2024-10-15 10:33:57,913 - MyMavenProject -INFO - Getting text of stays
2024-10-15 10:34:00,066 - MyMavenProject -INFO - Closing Browser
2024-10-15 10:35:18,418 - MyMavenProject -INFO - Getting text of flights
2024-10-15 10:35:22,105 - MyMavenProject -INFO - Closing Browser
2024-10-15 10:35:31,322 - MyMavenProject -INFO - Getting text of hotels
2024-10-15 10:35:33,524 - MyMavenProject -INFO - Closing Browser
2024-10-15 10:35:42,898 - MyMavenProject -INFO - Getting text of stays
2024-10-15 10:35:45,207 - MyMavenProject -INFO - Closing Browser
2024-10-15 10:35:54,077 - MyMavenProject -INFO - Getting text of holiday packages
2024-10-15 10:35:56,255 - MyMavenProject -INFO - Closing Browser
2024-10-15 10:36:05,231 - MyMavenProject -INFO - Getting text of trains
2024-10-15 10:36:07,380 - MyMavenProject -INFO - Closing Browser
2024-10-15 10:39:08,602 - MyMavenProject -INFO - Getting text of flights
2024-10-15 10:39:12,170 - MyMavenProject -INFO - Closing Browser
2024-10-15 10:39:22,320 - MyMavenProject -INFO - Getting text of hotels
2024-10-15 10:39:24,587 - MyMavenProject -INFO - Closing Browser
2024-10-15 10:39:34,851 - MyMavenProject -INFO - Getting text of stays
2024-10-15 10:39:37,054 - MyMavenProject -INFO - Closing Browser
2024-10-15 10:39:46,717 - MyMavenProject -INFO - Getting text of holiday packages
2024-10-15 10:39:48,868 - MyMavenProject -INFO - Closing Browser
2024-10-15 10:39:59,117 - MyMavenProject -INFO - Getting text of trains
2024-10-15 10:40:01,261 - MyMavenProject -INFO - Closing Browser
2024-10-15 10:40:11,662 - MyMavenProject -INFO - Getting text of buses
2024-10-15 10:40:13,793 - MyMavenProject -INFO - Closing Browser
2024-10-15 10:40:24,127 - MyMavenProject -INFO - Getting text of cabs
2024-10-15 10:40:26,299 - MyMavenProject -INFO - Closing Browser
2024-10-15 10:40:37,471 - MyMavenProject -INFO - Getting text of cards
2024-10-15 10:40:39,666 - MyMavenProject -INFO - Closing Browser
2024-10-15 10:40:50,882 - MyMavenProject -INFO - Getting text of insurance
2024-10-15 10:40:53,036 - MyMavenProject -INFO - Closing Browser
2024-10-15 10:41:03,278 - MyMavenProject -INFO - Getting text of oneWay button
2024-10-15 10:41:08,661 - MyMavenProject -INFO - Closing Browser
2024-10-15 10:41:20,335 - MyMavenProject -INFO - Getting text of multiCity button
2024-10-15 10:41:25,683 - MyMavenProject -INFO - Closing Browser
2024-10-15 10:41:36,255 - MyMavenProject -INFO - Getting text of round trip button
2024-10-15 10:41:41,664 - MyMavenProject -INFO - Closing Browser
2024-10-18 19:26:36,114 - MyMavenProject -INFO - Getting text of flights
2024-10-18 19:26:39,830 - MyMavenProject -INFO - Closing Browser
2024-10-18 19:26:50,782 - MyMavenProject -INFO - Getting text of hotels
2024-10-18 19:26:53,007 - MyMavenProject -INFO - Closing Browser
2024-10-18 19:27:03,889 - MyMavenProject -INFO - Getting text of stays
2024-10-18 19:27:06,085 - MyMavenProject -INFO - Closing Browser
2024-10-18 19:27:17,422 - MyMavenProject -INFO - Getting text of holiday packages
2024-10-18 19:27:19,702 - MyMavenProject -INFO - Closing Browser
2024-10-18 19:27:29,928 - MyMavenProject -INFO - Getting text of trains
2024-10-18 19:27:32,190 - MyMavenProject -INFO - Closing Browser
2024-10-18 19:27:42,214 - MyMavenProject -INFO - Getting text of buses
2024-10-18 19:27:44,466 - MyMavenProject -INFO - Closing Browser
2024-10-18 19:27:56,192 - MyMavenProject -INFO - Getting text of cabs
2024-10-18 19:27:58,358 - MyMavenProject -INFO - Closing Browser
2024-10-18 19:28:09,382 - MyMavenProject -INFO - Getting text of cards
2024-10-18 19:28:11,631 - MyMavenProject -INFO - Closing Browser
2024-10-18 19:28:25,722 - MyMavenProject -INFO - Getting text of insurance
2024-10-18 19:28:27,979 - MyMavenProject -INFO - Closing Browser
2024-10-18 19:28:39,105 - MyMavenProject -INFO - Getting text of oneWay button
2024-10-18 19:28:44,561 - MyMavenProject -INFO - Closing Browser
2024-10-18 19:31:28,428 - MyMavenProject -INFO - Getting text of flights
2024-10-18 19:31:34,808 - MyMavenProject -INFO - Closing Browser
2024-10-18 19:31:46,686 - MyMavenProject -INFO - Getting text of hotels
2024-10-18 19:31:48,903 - MyMavenProject -INFO - Closing Browser
2024-10-18 19:32:04,085 - MyMavenProject -INFO - Getting text of stays
2024-10-18 19:32:06,526 - MyMavenProject -INFO - Closing Browser
2024-10-18 19:32:33,699 - MyMavenProject -INFO - Getting text of holiday packages
2024-10-18 19:32:36,199 - MyMavenProject -INFO - Closing Browser
2024-10-18 19:35:01,343 - MyMavenProject -INFO - Getting text of flights
2024-10-18 19:35:05,509 - MyMavenProject -INFO - Closing Browser
2024-10-18 19:35:18,371 - MyMavenProject -INFO - Getting text of hotels
2024-10-18 19:35:20,582 - MyMavenProject -INFO - Closing Browser
2024-10-18 19:38:52,009 - MyMavenProject -INFO - Getting text of flights
2024-10-18 19:38:55,919 - MyMavenProject -INFO - Closing Browser
2024-10-18 19:52:01,401 - MyMavenProject -INFO - Getting text of flights
2024-10-18 19:52:05,889 - MyMavenProject -INFO - Closing Browser
2024-10-18 19:52:18,970 - MyMavenProject -INFO - Getting text of hotels
2024-10-18 19:52:21,257 - MyMavenProject -INFO - Closing Browser
2024-10-19 15:31:44,907 - MyMavenProject -INFO - Getting text of holiday packages
2024-10-19 15:31:49,062 - MyMavenProject -INFO - Closing Browser
2024-10-19 15:31:59,582 - MyMavenProject -INFO - Getting text of trains
2024-10-19 15:32:01,861 - MyMavenProject -INFO - Closing Browser
2024-10-19 15:32:12,706 - MyMavenProject -INFO - Getting text of buses
2024-10-19 15:32:14,958 - MyMavenProject -INFO - Closing Browser
2024-10-19 15:33:10,216 - MyMavenProject -INFO - Getting text of cabs
2024-10-19 15:33:14,525 - MyMavenProject -INFO - Closing Browser
2024-10-19 15:33:26,009 - MyMavenProject -INFO - Getting text of cards
2024-10-19 15:33:28,218 - MyMavenProject -INFO - Closing Browser
2024-10-19 15:33:39,409 - MyMavenProject -INFO - Getting text of insurance
2024-10-19 15:33:41,620 - MyMavenProject -INFO - Closing Browser
2024-10-19 15:34:08,016 - MyMavenProject -INFO - Getting text of cabs
2024-10-19 15:34:11,540 - MyMavenProject -INFO - Closing Browser
2024-10-19 15:34:22,860 - MyMavenProject -INFO - Getting text of cards
2024-10-19 15:34:25,067 - MyMavenProject -INFO - Closing Browser
2024-10-19 15:34:35,234 - MyMavenProject -INFO - Getting text of insurance
2024-10-19 15:34:37,451 - MyMavenProject -INFO - Closing Browser
2024-10-19 15:39:20,629 - MyMavenProject -INFO - Getting text of holiday packages
2024-10-19 15:39:24,078 - MyMavenProject -INFO - Closing Browser
2024-10-19 15:39:35,280 - MyMavenProject -INFO - Getting text of trains
2024-10-19 15:39:37,462 - MyMavenProject -INFO - Closing Browser
2024-10-19 15:39:46,938 - MyMavenProject -INFO - Getting text of buses
2024-10-19 15:39:49,762 - MyMavenProject -INFO - Closing Browser
2024-10-19 15:40:57,019 - MyMavenProject -INFO - Getting text of flights
2024-10-19 15:41:00,448 - MyMavenProject -INFO - Closing Browser
2024-10-19 15:41:12,048 - MyMavenProject -INFO - Getting text of hotels
2024-10-19 15:41:14,888 - MyMavenProject -INFO - Closing Browser
2024-10-19 15:41:25,667 - MyMavenProject -INFO - Getting text of stays
2024-10-19 15:41:27,839 - MyMavenProject -INFO - Closing Browser
2024-10-19 15:41:56,482 - MyMavenProject -INFO - Getting text of cabs
2024-10-19 15:42:00,235 - MyMavenProject -INFO - Closing Browser
2024-10-19 15:42:11,299 - MyMavenProject -INFO - Getting text of cards
2024-10-19 15:42:13,505 - MyMavenProject -INFO - Closing Browser
2024-10-19 15:42:23,852 - MyMavenProject -INFO - Getting text of insurance
2024-10-19 15:42:26,083 - MyMavenProject -INFO - Closing Browser
2024-10-19 15:43:06,209 - MyMavenProject -INFO - Getting text of oneWay button
2024-10-19 15:43:12,885 - MyMavenProject -INFO - Closing Browser
2024-10-19 15:43:44,022 - MyMavenProject -INFO - Getting text of oneWay button
2024-10-19 15:43:51,149 - MyMavenProject -INFO - Closing Browser
2024-10-19 15:44:02,516 - MyMavenProject -INFO - Getting text of round trip button
2024-10-19 15:44:08,020 - MyMavenProject -INFO - Closing Browser
2024-10-19 15:44:18,461 - MyMavenProject -INFO - Getting text of multiCity button
2024-10-19 15:44:24,040 - MyMavenProject -INFO - Closing Browser
2024-10-19 15:45:28,486 - MyMavenProject -INFO - Getting text of holiday packages
2024-10-19 15:45:31,925 - MyMavenProject -INFO - Closing Browser
2024-10-19 15:45:45,677 - MyMavenProject -INFO - Getting text of oneWay button
2024-10-19 15:45:51,009 - MyMavenProject -INFO - Closing Browser
2024-10-19 15:46:02,153 - MyMavenProject -INFO - Getting text of round trip button
2024-10-19 15:46:07,597 - MyMavenProject -INFO - Closing Browser
2024-10-19 15:46:17,776 - MyMavenProject -INFO - Getting text of multiCity button
2024-10-19 15:46:23,762 - MyMavenProject -INFO - Closing Browser
2024-10-19 15:49:24,552 - MyMavenProject -INFO - Getting text of flights
2024-10-19 15:49:27,888 - MyMavenProject -INFO - Closing Browser
2024-10-19 15:49:42,876 - MyMavenProject -INFO - Getting text of hotels
2024-10-19 15:49:45,038 - MyMavenProject -INFO - Closing Browser
2024-10-19 15:49:55,982 - MyMavenProject -INFO - Getting text of stays
2024-10-19 15:49:58,193 - MyMavenProject -INFO - Closing Browser
2024-10-19 15:50:08,765 - MyMavenProject -INFO - Getting text of holiday packages
2024-10-19 15:50:11,306 - MyMavenProject -INFO - Closing Browser
2024-10-19 15:50:22,020 - MyMavenProject -INFO - Getting text of trains
2024-10-19 15:50:24,356 - MyMavenProject -INFO - Closing Browser
2024-10-19 15:50:34,369 - MyMavenProject -INFO - Getting text of buses
2024-10-19 15:50:36,544 - MyMavenProject -INFO - Closing Browser
2024-10-19 15:50:46,183 - MyMavenProject -INFO - Getting text of cabs
2024-10-19 15:50:48,320 - MyMavenProject -INFO - Closing Browser
2024-10-19 15:50:58,675 - MyMavenProject -INFO - Getting text of cards
2024-10-19 15:51:00,830 - MyMavenProject -INFO - Closing Browser
2024-10-19 15:51:11,285 - MyMavenProject -INFO - Getting text of insurance
2024-10-19 15:51:13,518 - MyMavenProject -INFO - Closing Browser
2024-10-19 15:51:23,533 - MyMavenProject -INFO - Getting text of oneWay button
2024-10-19 15:51:28,988 - MyMavenProject -INFO - Closing Browser
2024-10-19 15:51:40,411 - MyMavenProject -INFO - Getting text of round trip button
2024-10-19 15:51:45,768 - MyMavenProject -INFO - Closing Browser
2024-10-19 15:53:05,499 - MyMavenProject -INFO - Getting text of flights
2024-10-19 15:53:09,121 - MyMavenProject -INFO - Closing Browser
2024-10-19 15:53:19,633 - MyMavenProject -INFO - Getting text of hotels
2024-10-19 15:53:21,855 - MyMavenProject -INFO - Closing Browser
2024-10-19 15:53:32,360 - MyMavenProject -INFO - Getting text of stays
2024-10-19 15:53:34,522 - MyMavenProject -INFO - Closing Browser
2024-10-19 15:53:44,676 - MyMavenProject -INFO - Getting text of holiday packages
2024-10-19 15:53:46,871 - MyMavenProject -INFO - Closing Browser
2024-10-19 15:53:57,041 - MyMavenProject -INFO - Getting text of trains
2024-10-19 15:53:59,185 - MyMavenProject -INFO - Closing Browser
2024-10-19 15:54:09,238 - MyMavenProject -INFO - Getting text of buses
2024-10-19 15:54:11,372 - MyMavenProject -INFO - Closing Browser
2024-10-19 15:54:22,740 - MyMavenProject -INFO - Getting text of cabs
2024-10-19 15:54:25,142 - MyMavenProject -INFO - Closing Browser
2024-10-19 15:54:37,279 - MyMavenProject -INFO - Getting text of cards
2024-10-19 15:54:39,447 - MyMavenProject -INFO - Closing Browser
2024-10-19 15:54:49,687 - MyMavenProject -INFO - Getting text of insurance
2024-10-19 15:54:51,867 - MyMavenProject -INFO - Closing Browser
2024-10-19 15:55:02,083 - MyMavenProject -INFO - Getting text of oneWay button
2024-10-19 15:55:07,507 - MyMavenProject -INFO - Closing Browser
2024-10-19 15:55:17,865 - MyMavenProject -INFO - Getting text of round trip button
2024-10-19 15:55:23,287 - MyMavenProject -INFO - Closing Browser
2024-10-19 15:55:33,228 - MyMavenProject -INFO - Getting text of multiCity button
2024-10-19 15:55:39,095 - MyMavenProject -INFO - Closing Browser
